{"C:\\namastereact\\src\\Components\\About.js": {"path":"C:\\namastereact\\src\\Components\\About.js","statementMap":{"0":{"start":{"line":1,"column":14},"end":{"line":12,"column":1}},"1":{"start":{"line":2,"column":4},"end":{"line":11,"column":5}}},"fnMap":{"0":{"name":"(anonymous_0)","decl":{"start":{"line":1,"column":14},"end":{"line":1,"column":15}},"loc":{"start":{"line":1,"column":20},"end":{"line":12,"column":1}},"line":1}},"branchMap":{},"s":{"0":1,"1":4},"f":{"0":4},"b":{},"_coverageSchema":"1a1c01bbd47fc00a2c39e90264f33305004495a9","hash":"76bc5a177b9d4ae5950ec3bfcd6259ce0b73c010"}
,"C:\\namastereact\\src\\Components\\Header.js": {"path":"C:\\namastereact\\src\\Components\\Header.js","statementMap":{"0":{"start":{"line":20,"column":15},"end":{"line":78,"column":1}},"1":{"start":{"line":22,"column":38},"end":{"line":22,"column":52}},"2":{"start":{"line":23,"column":23},"end":{"line":23,"column":34}},"3":{"start":{"line":25,"column":20},"end":{"line":25,"column":60}},"4":{"start":{"line":25,"column":43},"end":{"line":25,"column":59}},"5":{"start":{"line":27,"column":2},"end":{"line":27,"column":25}},"6":{"start":{"line":28,"column":2},"end":{"line":77,"column":4}},"7":{"start":{"line":64,"column":31},"end":{"line":64,"column":51}},"8":{"start":{"line":69,"column":59},"end":{"line":69,"column":78}}},"fnMap":{"0":{"name":"(anonymous_0)","decl":{"start":{"line":20,"column":15},"end":{"line":20,"column":16}},"loc":{"start":{"line":20,"column":21},"end":{"line":78,"column":1}},"line":20},"1":{"name":"(anonymous_1)","decl":{"start":{"line":25,"column":32},"end":{"line":25,"column":33}},"loc":{"start":{"line":25,"column":43},"end":{"line":25,"column":59}},"line":25},"2":{"name":"(anonymous_2)","decl":{"start":{"line":64,"column":25},"end":{"line":64,"column":26}},"loc":{"start":{"line":64,"column":31},"end":{"line":64,"column":51}},"line":64},"3":{"name":"(anonymous_3)","decl":{"start":{"line":69,"column":53},"end":{"line":69,"column":54}},"loc":{"start":{"line":69,"column":59},"end":{"line":69,"column":78}},"line":69}},"branchMap":{"0":{"loc":{"start":{"line":45,"column":28},"end":{"line":45,"column":53}},"type":"cond-expr","locations":[{"start":{"line":45,"column":43},"end":{"line":45,"column":46}},{"start":{"line":45,"column":49},"end":{"line":45,"column":53}}],"line":45},"1":{"loc":{"start":{"line":61,"column":13},"end":{"line":72,"column":13}},"type":"cond-expr","locations":[{"start":{"line":62,"column":14},"end":{"line":67,"column":23}},{"start":{"line":69,"column":14},"end":{"line":71,"column":23}}],"line":61}},"s":{"0":1,"1":4,"2":4,"3":4,"4":7,"5":4,"6":4,"7":1,"8":0},"f":{"0":4,"1":7,"2":1,"3":0},"b":{"0":[4,0],"1":[3,1]},"_coverageSchema":"1a1c01bbd47fc00a2c39e90264f33305004495a9","hash":"44a88c2f80ba1af7435243c7aa45fb261fac3f91"}
,"C:\\namastereact\\src\\utils\\appStore.js": {"path":"C:\\namastereact\\src\\utils\\appStore.js","statementMap":{"0":{"start":{"line":6,"column":17},"end":{"line":10,"column":2}}},"fnMap":{},"branchMap":{},"s":{"0":1},"f":{},"b":{},"_coverageSchema":"1a1c01bbd47fc00a2c39e90264f33305004495a9","hash":"8796c8fda01c96eeaf7704b6af90d3e32de14a73"}
,"C:\\namastereact\\src\\utils\\cartSlice.js": {"path":"C:\\namastereact\\src\\utils\\cartSlice.js","statementMap":{"0":{"start":{"line":3,"column":18},"end":{"line":19,"column":2}},"1":{"start":{"line":10,"column":6},"end":{"line":10,"column":39}},"2":{"start":{"line":13,"column":8},"end":{"line":13,"column":25}},"3":{"start":{"line":16,"column":8},"end":{"line":16,"column":31}},"4":{"start":{"line":21,"column":46},"end":{"line":21,"column":63}}},"fnMap":{"0":{"name":"(anonymous_0)","decl":{"start":{"line":9,"column":13},"end":{"line":9,"column":14}},"loc":{"start":{"line":9,"column":32},"end":{"line":11,"column":5}},"line":9},"1":{"name":"(anonymous_1)","decl":{"start":{"line":12,"column":15},"end":{"line":12,"column":16}},"loc":{"start":{"line":12,"column":31},"end":{"line":14,"column":5}},"line":12},"2":{"name":"(anonymous_2)","decl":{"start":{"line":15,"column":14},"end":{"line":15,"column":15}},"loc":{"start":{"line":15,"column":30},"end":{"line":17,"column":5}},"line":15}},"branchMap":{},"s":{"0":1,"1":0,"2":0,"3":0,"4":1},"f":{"0":0,"1":0,"2":0},"b":{},"_coverageSchema":"1a1c01bbd47fc00a2c39e90264f33305004495a9","hash":"fc84ebc99a777803e7649d551832c5fecd19dec8"}
,"C:\\namastereact\\src\\utils\\useOnline.js": {"path":"C:\\namastereact\\src\\utils\\useOnline.js","statementMap":{"0":{"start":{"line":3,"column":18},"end":{"line":17,"column":1}},"1":{"start":{"line":4,"column":34},"end":{"line":4,"column":48}},"2":{"start":{"line":6,"column":2},"end":{"line":14,"column":9}},"3":{"start":{"line":7,"column":3},"end":{"line":13,"column":5}},"4":{"start":{"line":8,"column":4},"end":{"line":8,"column":22}},"5":{"start":{"line":10,"column":4},"end":{"line":12,"column":6}},"6":{"start":{"line":11,"column":8},"end":{"line":11,"column":25}},"7":{"start":{"line":16,"column":2},"end":{"line":16,"column":18}}},"fnMap":{"0":{"name":"(anonymous_0)","decl":{"start":{"line":3,"column":18},"end":{"line":3,"column":19}},"loc":{"start":{"line":3,"column":24},"end":{"line":17,"column":1}},"line":3},"1":{"name":"(anonymous_1)","decl":{"start":{"line":6,"column":12},"end":{"line":6,"column":13}},"loc":{"start":{"line":6,"column":18},"end":{"line":14,"column":3}},"line":6},"2":{"name":"(anonymous_2)","decl":{"start":{"line":7,"column":37},"end":{"line":7,"column":38}},"loc":{"start":{"line":7,"column":43},"end":{"line":13,"column":4}},"line":7},"3":{"name":"(anonymous_3)","decl":{"start":{"line":10,"column":37},"end":{"line":10,"column":38}},"loc":{"start":{"line":10,"column":41},"end":{"line":12,"column":5}},"line":10}},"branchMap":{},"s":{"0":1,"1":4,"2":4,"3":3,"4":0,"5":0,"6":0,"7":4},"f":{"0":4,"1":3,"2":0,"3":0},"b":{},"_coverageSchema":"1a1c01bbd47fc00a2c39e90264f33305004495a9","hash":"98c592bee424e2a149d2fa4dc2fd403017661ece"}
}
