TN:
SF:src\Components\About.js
FN:1,(anonymous_0)
FNF:1
FNH:1
FNDA:4,(anonymous_0)
DA:1,1
DA:2,4
LF:2
LH:2
BRF:0
BRH:0
end_of_record
TN:
SF:src\Components\Header.js
FN:20,(anonymous_0)
FN:25,(anonymous_1)
FN:64,(anonymous_2)
FN:69,(anonymous_3)
FNF:4
FNH:3
FNDA:4,(anonymous_0)
FNDA:7,(anonymous_1)
FNDA:1,(anonymous_2)
FNDA:0,(anonymous_3)
DA:20,1
DA:22,4
DA:23,4
DA:25,7
DA:27,4
DA:28,4
DA:64,1
DA:69,0
LF:8
LH:7
BRDA:45,0,0,4
BRDA:45,0,1,0
BRDA:61,1,0,3
BRDA:61,1,1,1
BRF:4
BRH:3
end_of_record
TN:
SF:src\utils\appStore.js
FNF:0
FNH:0
DA:6,1
LF:1
LH:1
BRF:0
BRH:0
end_of_record
TN:
SF:src\utils\cartSlice.js
FN:9,(anonymous_0)
FN:12,(anonymous_1)
FN:15,(anonymous_2)
FNF:3
FNH:0
FNDA:0,(anonymous_0)
FNDA:0,(anonymous_1)
FNDA:0,(anonymous_2)
DA:3,1
DA:10,0
DA:13,0
DA:16,0
DA:21,1
LF:5
LH:2
BRF:0
BRH:0
end_of_record
TN:
SF:src\utils\useOnline.js
FN:3,(anonymous_0)
FN:6,(anonymous_1)
FN:7,(anonymous_2)
FN:10,(anonymous_3)
FNF:4
FNH:2
FNDA:4,(anonymous_0)
FNDA:3,(anonymous_1)
FNDA:0,(anonymous_2)
FNDA:0,(anonymous_3)
DA:3,1
DA:4,4
DA:6,4
DA:7,3
DA:8,0
DA:10,0
DA:11,0
DA:16,4
LF:8
LH:5
BRF:0
BRH:0
end_of_record
